<?xml version="1.0" encoding="UTF-8"?>
<testng-results skipped="0" failed="1" ignored="0" total="2" passed="1">
  <reporter-output>
  </reporter-output>
  <suite name="Test" duration-ms="50703" started-at="2018-12-24T10:30:37Z" finished-at="2018-12-24T10:31:28Z">
    <groups>
    </groups>
    <test name="Test" duration-ms="50703" started-at="2018-12-24T10:30:37Z" finished-at="2018-12-24T10:31:28Z">
      <class name="BrowserInstance.BrowserInstance">
        <test-method status="PASS" signature="beforeTest()[pri:0, instance:BrowserInstance.BrowserInstance@3f49dace]" name="beforeTest" is-config="true" duration-ms="36303" started-at="2018-12-24T10:30:37Z" finished-at="2018-12-24T10:31:13Z">
          <reporter-output>
          </reporter-output>
        </test-method> <!-- beforeTest -->
      </class> <!-- BrowserInstance.BrowserInstance -->
      <class name="ProductTest.ProductTest">
        <test-method status="PASS" signature="goToICIXPrd()[pri:0, instance:ProductTest.ProductTest@1e397ed7]" name="goToICIXPrd" duration-ms="4508" started-at="2018-12-24T10:31:13Z" finished-at="2018-12-24T10:31:18Z">
          <reporter-output>
          </reporter-output>
        </test-method> <!-- goToICIXPrd -->
        <test-method status="FAIL" signature="searchForTP()[pri:0, instance:ProductTest.ProductTest@1e397ed7]" name="searchForTP" duration-ms="9847" started-at="2018-12-24T10:31:18Z" finished-at="2018-12-24T10:31:28Z">
          <exception class="com.codeborne.selenide.ex.ElementShouldNot">
            <message>
              <![CDATA[Element should not be visible {By.id: btnProductSearch}
Element: '<button class="slds-button slds-button--brand" disabled="disabled" id="btnProductSearch" ng-click="vm.productSearch()" ng-disabled="!vm.search.SearchTradingPartner.id" type="button">Search</button>']]>
            </message>
            <full-stacktrace>
              <![CDATA[Element should not be visible {By.id: btnProductSearch}
Element: '<button class="slds-button slds-button--brand" disabled="disabled" id="btnProductSearch" ng-click="vm.productSearch()" ng-disabled="!vm.search.SearchTradingPartner.id" type="button">Search</button>'
Screenshot: file:/D:/Divya/Automation%20Setup/New%20folder/DemoProject/build/reports/tests/1545647487598.0.png
Page source: file:/D:/Divya/Automation%20Setup/New%20folder/DemoProject/build/reports/tests/1545647487598.0.html
Timeout: 4 s.
at com.codeborne.selenide.impl.WebElementSource.checkCondition(WebElementSource.java:63)
at com.codeborne.selenide.commands.ShouldNot.shouldNot(ShouldNot.java:36)
at com.codeborne.selenide.commands.ShouldNot.execute(ShouldNot.java:29)
at com.codeborne.selenide.commands.ShouldNot.execute(ShouldNot.java:12)
at com.codeborne.selenide.commands.Commands.execute(Commands.java:144)
at com.codeborne.selenide.impl.SelenideElementProxy.dispatchAndRetry(SelenideElementProxy.java:90)
at com.codeborne.selenide.impl.SelenideElementProxy.invoke(SelenideElementProxy.java:65)
at com.sun.proxy.$Proxy5.shouldNotBe(Unknown Source)
at BrowserInstance.CommonMethods.visiblewait(CommonMethods.java:17)
at Locators.ProductPage.clickSearchBtn(ProductPage.java:73)
at Locators.ProductPage.searchTPandClick(ProductPage.java:86)
at ProductTest.ProductTest.searchForTP(ProductTest.java:22)
at sun.reflect.NativeMethodAccessorImpl.invoke0(Native Method)
at sun.reflect.NativeMethodAccessorImpl.invoke(NativeMethodAccessorImpl.java:62)
at sun.reflect.DelegatingMethodAccessorImpl.invoke(DelegatingMethodAccessorImpl.java:43)
at java.lang.reflect.Method.invoke(Method.java:498)
at org.testng.internal.MethodInvocationHelper.invokeMethod(MethodInvocationHelper.java:124)
at org.testng.internal.Invoker.invokeMethod(Invoker.java:583)
at org.testng.internal.Invoker.invokeTestMethod(Invoker.java:719)
at org.testng.internal.Invoker.invokeTestMethods(Invoker.java:989)
at org.testng.internal.TestMethodWorker.invokeTestMethods(TestMethodWorker.java:125)
at org.testng.internal.TestMethodWorker.run(TestMethodWorker.java:109)
at org.testng.TestRunner.privateRun(TestRunner.java:648)
at org.testng.TestRunner.run(TestRunner.java:505)
at org.testng.SuiteRunner.runTest(SuiteRunner.java:455)
at org.testng.SuiteRunner.runSequentially(SuiteRunner.java:450)
at org.testng.SuiteRunner.privateRun(SuiteRunner.java:415)
at org.testng.SuiteRunner.run(SuiteRunner.java:364)
at org.testng.SuiteRunnerWorker.runSuite(SuiteRunnerWorker.java:52)
at org.testng.SuiteRunnerWorker.run(SuiteRunnerWorker.java:84)
at org.testng.TestNG.runSuitesSequentially(TestNG.java:1208)
at org.testng.TestNG.runSuitesLocally(TestNG.java:1137)
at org.testng.TestNG.runSuites(TestNG.java:1049)
at org.testng.TestNG.run(TestNG.java:1017)
at org.testng.remote.AbstractRemoteTestNG.run(AbstractRemoteTestNG.java:114)
at org.testng.remote.RemoteTestNG.initAndRun(RemoteTestNG.java:251)
at org.testng.remote.RemoteTestNG.main(RemoteTestNG.java:77)
]]>
            </full-stacktrace>
          </exception> <!-- com.codeborne.selenide.ex.ElementShouldNot -->
          <reporter-output>
          </reporter-output>
        </test-method> <!-- searchForTP -->
      </class> <!-- ProductTest.ProductTest -->
    </test> <!-- Test -->
  </suite> <!-- Test -->
</testng-results>
