<?xml version="1.0" encoding="UTF-8"?>
<!-- Generated by org.testng.reporters.JUnitXMLReporter -->
<testsuite hostname="PrinceK-HR" ignored="0" name="Test" tests="2" failures="1" timestamp="24 Dec 2018 10:31:28 GMT" time="50.703" errors="0">
  <testcase name="goToICIXPrd" time="4.508" classname="ProductTest.ProductTest"/>
  <testcase name="searchForTP" time="9.847" classname="ProductTest.ProductTest">
    <failure type="com.codeborne.selenide.ex.ElementShouldNot" message="Element should not be visible {By.id: btnProductSearch}
Element: &amp;apos;&amp;lt;button class=&amp;quot;slds-button slds-button--brand&amp;quot; disabled=&amp;quot;disabled&amp;quot; id=&amp;quot;btnProductSearch&amp;quot; ng-click=&amp;quot;vm.productSearch()&amp;quot; ng-disabled=&amp;quot;!vm.search.SearchTradingPartner.id&amp;quot; type=&amp;quot;button&amp;quot;&amp;gt;Search&amp;lt;/button&amp;gt;&amp;apos;">
      <![CDATA[Element should not be visible {By.id: btnProductSearch}
Element: '<button class="slds-button slds-button--brand" disabled="disabled" id="btnProductSearch" ng-click="vm.productSearch()" ng-disabled="!vm.search.SearchTradingPartner.id" type="button">Search</button>'
Screenshot: file:/D:/Divya/Automation%20Setup/New%20folder/DemoProject/build/reports/tests/1545647487598.0.png
Page source: file:/D:/Divya/Automation%20Setup/New%20folder/DemoProject/build/reports/tests/1545647487598.0.html
Timeout: 4 s.
at com.codeborne.selenide.impl.WebElementSource.checkCondition(WebElementSource.java:63)
at com.codeborne.selenide.commands.ShouldNot.shouldNot(ShouldNot.java:36)
at com.codeborne.selenide.commands.ShouldNot.execute(ShouldNot.java:29)
at com.codeborne.selenide.commands.ShouldNot.execute(ShouldNot.java:12)
at com.codeborne.selenide.commands.Commands.execute(Commands.java:144)
at com.codeborne.selenide.impl.SelenideElementProxy.dispatchAndRetry(SelenideElementProxy.java:90)
at com.codeborne.selenide.impl.SelenideElementProxy.invoke(SelenideElementProxy.java:65)
at com.sun.proxy.$Proxy5.shouldNotBe(Unknown Source)
at BrowserInstance.CommonMethods.visiblewait(CommonMethods.java:17)
at Locators.ProductPage.clickSearchBtn(ProductPage.java:73)
at Locators.ProductPage.searchTPandClick(ProductPage.java:86)
at ProductTest.ProductTest.searchForTP(ProductTest.java:22)
... Removed 25 stack frames]]>
    </failure>
  </testcase> <!-- searchForTP -->
</testsuite> <!-- Test -->
